<?xml version="1.0" encoding="utf-8"?><testsuites name="pytest tests"><testsuite name="pytest" errors="0" failures="0" skipped="0" tests="13" time="9.134" timestamp="2026-06-24T22:01:22.536984+00:00" hostname="agent-env-f07c4273-21cb-4358-8e40-504f6121be53"><testcase classname="backend.tests.test_new_endpoints.TestSmoke" name="test_root" time="0.202" /><testcase classname="backend.tests.test_new_endpoints.TestSmoke" name="test_auth_me_local_dev" time="0.102" /><testcase classname="backend.tests.test_new_endpoints.TestProjectsAndRun" name="test_project_created" time="0.283" /><testcase classname="backend.tests.test_new_endpoints.TestProjectsAndRun" name="test_run_endpoint_exists" time="0.206" /><testcase classname="backend.tests.test_new_endpoints.TestSwarm" name="test_swarm_start" time="0.156" /><testcase classname="backend.tests.test_new_endpoints.TestSwarm" name="test_swarm_live_and_completion" time="5.390" /><testcase classname="backend.tests.test_new_endpoints.TestPayments" name="test_payment_stripe" time="0.561" /><testcase classname="backend.tests.test_new_endpoints.TestPayments" name="test_payment_razorpay" time="0.503" /><testcase classname="backend.tests.test_new_endpoints.TestPayments" name="test_payment_paypal" time="0.544" /><testcase classname="backend.tests.test_new_endpoints.TestPayments" name="test_payment_unknown_outcome_returns_400" time="0.101" /><testcase classname="backend.tests.test_new_endpoints.TestGithubTokenEndpoint" name="test_non_github_project_returns_400" time="0.112" /><testcase classname="backend.tests.test_new_endpoints.TestGithubTokenEndpoint" name="test_github_project_missing_token" time="0.209" /><testcase classname="backend.tests.test_new_endpoints.TestGithubTokenEndpoint" name="test_github_project_bogus_token" time="0.602" /></testsuite></testsuites>