<?xml version="1.0" encoding="utf-8"?><testsuites name="pytest tests"><testsuite name="pytest" errors="0" failures="0" skipped="0" tests="14" time="1.248" timestamp="2026-06-24T22:35:21.684176+00:00" hostname="agent-env-f07c4273-21cb-4358-8e40-504f6121be53"><testcase classname="backend.tests.test_crawl_coverage_iter3.TestFlowExplorerCode" name="test_constants" time="0.000" /><testcase classname="backend.tests.test_crawl_coverage_iter3.TestFlowExplorerCode" name="test_vlm_model_still_gemini_flash" time="0.000" /><testcase classname="backend.tests.test_crawl_coverage_iter3.TestFlowExplorerCode" name="test_pin_helpers_exist" time="0.000" /><testcase classname="backend.tests.test_crawl_coverage_iter3.TestFlowExplorerCode" name="test_pin_keypad_called_before_vlm_in_loop" time="0.000" /><testcase classname="backend.tests.test_crawl_coverage_iter3.TestFlowExplorerCode" name="test_bfs_unconditional_augmentation" time="0.000" /><testcase classname="backend.tests.test_crawl_coverage_iter3.TestFlowExplorerCode" name="test_pin_screens_not_counted_against_stagnation" time="0.000" /><testcase classname="backend.tests.test_crawl_coverage_iter3.TestServerCode" name="test_explore_timeout_default" time="0.000" /><testcase classname="backend.tests.test_crawl_coverage_iter3.TestServerCode" name="test_per_page_parallel" time="0.000" /><testcase classname="backend.tests.test_crawl_coverage_iter3.TestServerCode" name="test_planner_and_report_use_claude" time="0.000" /><testcase classname="backend.tests.test_crawl_coverage_iter3.TestEngineModels" name="test_atmos_engine_both_paths_claude" time="0.000" /><testcase classname="backend.tests.test_crawl_coverage_iter3.TestEngineModels" name="test_architecture_analyzer_uses_claude" time="0.000" /><testcase classname="backend.tests.test_crawl_coverage_iter3.TestSmoke" name="test_root_ok" time="0.262" /><testcase classname="backend.tests.test_crawl_coverage_iter3.TestSmoke" name="test_auth_me" time="0.140" /><testcase classname="backend.tests.test_crawl_coverage_iter3.TestPaymentSimulate" name="test_payment_simulate_default" time="0.758" /></testsuite></testsuites>