<?xml version="1.0" encoding="utf-8"?><testsuites name="pytest tests"><testsuite name="pytest" errors="0" failures="1" skipped="0" tests="2" time="363.902" timestamp="2026-06-24T22:35:28.664159+00:00" hostname="agent-env-f07c4273-21cb-4358-8e40-504f6121be53"><testcase classname="backend.tests.test_crawl_coverage_iter3.TestExampleCrawl" name="test_crawl_completes" time="363.809"><failure message="AssertionError: final status=None phases_seen=set()&#10;assert None == 'completed'">backend/tests/test_crawl_coverage_iter3.py:211: in test_crawl_completes
    assert status == "completed", f"final status={status} phases_seen={phases_seen}"
E   AssertionError: final status=None phases_seen=set()
E   assert None == 'completed'</failure></testcase><testcase classname="backend.tests.test_crawl_coverage_iter3.TestExampleCrawl" name="test_claude_was_called" time="0.010" /></testsuite></testsuites>