<?xml version="1.0" encoding="utf-8"?><testsuites name="pytest tests"><testsuite name="pytest" errors="0" failures="0" skipped="0" tests="13" time="7.607" timestamp="2026-06-24T21:44:48.214008+00:00" hostname="agent-env-f07c4273-21cb-4358-8e40-504f6121be53"><testcase classname="backend.tests.test_new_endpoints.TestSmoke" name="test_root" time="0.155" /><testcase classname="backend.tests.test_new_endpoints.TestSmoke" name="test_auth_me_local_dev" time="0.120" /><testcase classname="backend.tests.test_new_endpoints.TestProjectsAndRun" name="test_project_created" time="0.226" /><testcase classname="backend.tests.test_new_endpoints.TestProjectsAndRun" name="test_run_endpoint_exists" time="0.211" /><testcase classname="backend.tests.test_new_endpoints.TestSwarm" name="test_swarm_start" time="0.110" /><testcase classname="backend.tests.test_new_endpoints.TestSwarm" name="test_swarm_live_and_completion" time="4.176" /><testcase classname="backend.tests.test_new_endpoints.TestPayments" name="test_payment_stripe" time="0.504" /><testcase classname="backend.tests.test_new_endpoints.TestPayments" name="test_payment_razorpay" time="0.541" /><testcase classname="backend.tests.test_new_endpoints.TestPayments" name="test_payment_paypal" time="0.502" /><testcase classname="backend.tests.test_new_endpoints.TestPayments" name="test_payment_unknown_outcome_returns_400" time="0.103" /><testcase classname="backend.tests.test_new_endpoints.TestGithubTokenEndpoint" name="test_non_github_project_returns_400" time="0.185" /><testcase classname="backend.tests.test_new_endpoints.TestGithubTokenEndpoint" name="test_github_project_missing_token" time="0.200" /><testcase classname="backend.tests.test_new_endpoints.TestGithubTokenEndpoint" name="test_github_project_bogus_token" time="0.487" /></testsuite></testsuites>