<?xml version="1.0" encoding="utf-8"?><testsuites name="pytest tests"><testsuite name="pytest" errors="0" failures="3" skipped="0" tests="10" time="3.161" timestamp="2026-06-24T21:35:35.052029+00:00" hostname="agent-env-f07c4273-21cb-4358-8e40-504f6121be53"><testcase classname="backend.tests.test_new_endpoints.TestSmoke" name="test_root" time="1.196" /><testcase classname="backend.tests.test_new_endpoints.TestSmoke" name="test_auth_me_local_dev" time="0.112" /><testcase classname="backend.tests.test_new_endpoints.TestProjectsAndRun" name="test_project_created" time="0.214" /><testcase classname="backend.tests.test_new_endpoints.TestProjectsAndRun" name="test_run_endpoint_exists" time="0.265" /><testcase classname="backend.tests.test_new_endpoints.TestPayments" name="test_payment_stripe" time="0.100"><failure message="AssertionError: Internal Server Error&#10;assert 500 == 200&#10; +  where 500 = &lt;Response [500]&gt;.status_code">backend/tests/test_new_endpoints.py:135: in test_payment_stripe
    self._run_provider(run_id, "stripe")
backend/tests/test_new_endpoints.py:122: in _run_provider
    assert r.status_code == 200, r.text
E   AssertionError: Internal Server Error
E   assert 500 == 200
E    +  where 500 = &lt;Response [500]&gt;.status_code</failure></testcase><testcase classname="backend.tests.test_new_endpoints.TestPayments" name="test_payment_razorpay" time="0.114"><failure message="AssertionError: Internal Server Error&#10;assert 500 == 200&#10; +  where 500 = &lt;Response [500]&gt;.status_code">backend/tests/test_new_endpoints.py:138: in test_payment_razorpay
    self._run_provider(run_id, "razorpay")
backend/tests/test_new_endpoints.py:122: in _run_provider
    assert r.status_code == 200, r.text
E   AssertionError: Internal Server Error
E   assert 500 == 200
E    +  where 500 = &lt;Response [500]&gt;.status_code</failure></testcase><testcase classname="backend.tests.test_new_endpoints.TestPayments" name="test_payment_paypal" time="0.116"><failure message="AssertionError: Internal Server Error&#10;assert 500 == 200&#10; +  where 500 = &lt;Response [500]&gt;.status_code">backend/tests/test_new_endpoints.py:141: in test_payment_paypal
    self._run_provider(run_id, "paypal")
backend/tests/test_new_endpoints.py:122: in _run_provider
    assert r.status_code == 200, r.text
E   AssertionError: Internal Server Error
E   assert 500 == 200
E    +  where 500 = &lt;Response [500]&gt;.status_code</failure></testcase><testcase classname="backend.tests.test_new_endpoints.TestGithubTokenEndpoint" name="test_non_github_project_returns_400" time="0.153" /><testcase classname="backend.tests.test_new_endpoints.TestGithubTokenEndpoint" name="test_github_project_missing_token" time="0.208" /><testcase classname="backend.tests.test_new_endpoints.TestGithubTokenEndpoint" name="test_github_project_bogus_token" time="0.588" /></testsuite></testsuites>