<?xml version="1.0" encoding="utf-8"?><testsuites name="pytest tests"><testsuite name="pytest" errors="0" failures="0" skipped="0" tests="6" time="92.113" timestamp="2026-06-21T06:37:22.711324+00:00" hostname="agent-env-f07c4273-21cb-4358-8e40-504f6121be53"><testcase classname="backend.tests.test_real_engine.TestHealthAndMount" name="test_root" time="0.141" /><testcase classname="backend.tests.test_real_engine.TestHealthAndMount" name="test_commands_returns_10" time="0.104" /><testcase classname="backend.tests.test_real_engine.TestHealthAndMount" name="test_screens_mount_serves_existing_png" time="0.140" /><testcase classname="backend.tests.test_real_engine.TestExistingRealRun" name="test_existing_run_has_real_screenshots" time="0.014" /><testcase classname="backend.tests.test_real_engine.TestExistingRealRun" name="test_existing_run_screenshot_urls_serve_png" time="1.077" /><testcase classname="backend.tests.test_real_engine.TestFreshRun" name="test_fresh_run_against_example_com" time="90.414" /></testsuite></testsuites>