<?xml version="1.0" encoding="utf-8"?><testsuites name="pytest tests"><testsuite name="pytest" errors="0" failures="0" skipped="0" tests="8" time="39.266" timestamp="2026-06-20T19:52:24.534214+00:00" hostname="agent-env-f07c4273-21cb-4358-8e40-504f6121be53"><testcase classname="backend.tests.test_atmos.TestHealth" name="test_root" time="9.079" /><testcase classname="backend.tests.test_atmos.TestHealth" name="test_commands" time="0.118" /><testcase classname="backend.tests.test_atmos.TestAuth" name="test_auth_me_unauthenticated_returns_401" time="0.139" /><testcase classname="backend.tests.test_atmos.TestAuth" name="test_auth_me_with_bearer" time="0.113" /><testcase classname="backend.tests.test_atmos.TestProjectsAndRuns" name="test_create_and_list_project" time="0.230" /><testcase classname="backend.tests.test_atmos.TestProjectsAndRuns" name="test_invalid_command_returns_400" time="0.110" /><testcase classname="backend.tests.test_atmos.TestProjectsAndRuns" name="test_start_run_and_wait_for_completion" time="29.109" /><testcase classname="backend.tests.test_atmos.TestAuthorizationIsolation" name="test_other_user_cannot_access_project" time="0.222" /></testsuite></testsuites>